[2019-10-21 10:59:31,905] [debugtalk:53] [debugtalk:executeSql] [INFO]- ============dbConnect============
[2019-10-21 10:59:31,924] [debugtalk:59] [debugtalk:executeSql] [INFO]- execute sql file
[2019-10-21 10:59:31,927] [debugtalk:67] [debugtalk:executeSql] [ERROR]- execute sql failed
Traceback (most recent call last):
FileNotFoundError: [Errno 2] No such file or directory: 'upload/RIS_test/基础管理/test.sql'
[2019-10-21 10:59:31,950] [debugtalk:71] [debugtalk:executeSql] [INFO]- db close!
[2019-10-23 09:19:02,354] [debugtalk:53] [debugtalk:executeSql] [INFO]- ============dbConnect============
[2019-10-23 09:19:02,375] [debugtalk:59] [debugtalk:executeSql] [INFO]- execute sql file
[2019-10-23 09:19:02,378] [debugtalk:67] [debugtalk:executeSql] [ERROR]- execute sql failed
Traceback (most recent call last):
FileNotFoundError: [Errno 2] No such file or directory: 'upload/RIS_test/基础管理/test.sql'
[2019-10-23 09:19:02,397] [debugtalk:71] [debugtalk:executeSql] [INFO]- db close!
[2019-10-23 09:19:09,683] [debugtalk:53] [debugtalk:executeSql] [INFO]- ============dbConnect============
[2019-10-23 09:19:09,691] [debugtalk:59] [debugtalk:executeSql] [INFO]- execute sql file
[2019-10-23 09:19:09,693] [debugtalk:67] [debugtalk:executeSql] [ERROR]- execute sql failed
Traceback (most recent call last):
FileNotFoundError: [Errno 2] No such file or directory: 'upload/RIS_test/基础管理/test.sql'
[2019-10-23 09:19:09,696] [debugtalk:71] [debugtalk:executeSql] [INFO]- db close!
[2019-10-23 11:17:43,547] [debugtalk:53] [debugtalk:executeSql] [INFO]- ============dbConnect============
[2019-10-23 11:17:43,565] [debugtalk:59] [debugtalk:executeSql] [INFO]- execute sql file
[2019-10-23 11:17:43,567] [debugtalk:67] [debugtalk:executeSql] [ERROR]- execute sql failed
Traceback (most recent call last):
FileNotFoundError: [Errno 2] No such file or directory: 'upload/RIS_test/基础管理/test.sql'
[2019-10-23 11:17:43,570] [debugtalk:71] [debugtalk:executeSql] [INFO]- db close!
[2019-10-23 11:17:59,942] [debugtalk:53] [debugtalk:executeSql] [INFO]- ============dbConnect============
[2019-10-23 11:17:59,951] [debugtalk:59] [debugtalk:executeSql] [INFO]- execute sql file
[2019-10-23 11:17:59,953] [debugtalk:67] [debugtalk:executeSql] [ERROR]- execute sql failed
Traceback (most recent call last):
FileNotFoundError: [Errno 2] No such file or directory: 'upload/RIS_test/基础管理/test.sql'
[2019-10-23 11:17:59,956] [debugtalk:71] [debugtalk:executeSql] [INFO]- db close!
[2019-10-23 11:21:14,807] [debugtalk:53] [debugtalk:executeSql] [INFO]- ============dbConnect============
[2019-10-23 11:21:14,816] [debugtalk:59] [debugtalk:executeSql] [INFO]- execute sql file
[2019-10-23 11:21:14,818] [debugtalk:67] [debugtalk:executeSql] [ERROR]- execute sql failed
Traceback (most recent call last):
FileNotFoundError: [Errno 2] No such file or directory: 'upload/RIS_test/基础管理/test.sql'
[2019-10-23 11:21:14,821] [debugtalk:71] [debugtalk:executeSql] [INFO]- db close!
[2019-10-23 11:21:16,256] [debugtalk:53] [debugtalk:executeSql] [INFO]- ============dbConnect============
[2019-10-23 11:21:16,274] [debugtalk:59] [debugtalk:executeSql] [INFO]- execute sql file
[2019-10-23 11:21:16,276] [debugtalk:67] [debugtalk:executeSql] [ERROR]- execute sql failed
Traceback (most recent call last):
FileNotFoundError: [Errno 2] No such file or directory: 'upload/RIS_test/基础管理/test.sql'
[2019-10-23 11:21:16,279] [debugtalk:71] [debugtalk:executeSql] [INFO]- db close!
[2019-10-23 13:42:17,713] [debugtalk:53] [debugtalk:executeSql] [INFO]- ============dbConnect============
[2019-10-23 13:42:17,733] [debugtalk:59] [debugtalk:executeSql] [INFO]- execute sql file
[2019-10-23 13:42:17,735] [debugtalk:67] [debugtalk:executeSql] [ERROR]- execute sql failed
Traceback (most recent call last):
FileNotFoundError: [Errno 2] No such file or directory: 'upload/RIS_test/基础管理/test.sql'
[2019-10-23 13:42:17,737] [debugtalk:71] [debugtalk:executeSql] [INFO]- db close!
[2019-10-23 13:42:18,888] [debugtalk:53] [debugtalk:executeSql] [INFO]- ============dbConnect============
[2019-10-23 13:42:18,898] [debugtalk:59] [debugtalk:executeSql] [INFO]- execute sql file
[2019-10-23 13:42:18,900] [debugtalk:67] [debugtalk:executeSql] [ERROR]- execute sql failed
Traceback (most recent call last):
FileNotFoundError: [Errno 2] No such file or directory: 'upload/RIS_test/基础管理/test.sql'
[2019-10-23 13:42:18,903] [debugtalk:71] [debugtalk:executeSql] [INFO]- db close!
[2019-10-23 13:42:19,843] [debugtalk:53] [debugtalk:executeSql] [INFO]- ============dbConnect============
[2019-10-23 13:42:19,861] [debugtalk:59] [debugtalk:executeSql] [INFO]- execute sql file
[2019-10-23 13:42:19,863] [debugtalk:67] [debugtalk:executeSql] [ERROR]- execute sql failed
Traceback (most recent call last):
FileNotFoundError: [Errno 2] No such file or directory: 'upload/RIS_test/基础管理/test.sql'
[2019-10-23 13:42:19,866] [debugtalk:71] [debugtalk:executeSql] [INFO]- db close!
[2019-10-23 13:42:20,333] [debugtalk:53] [debugtalk:executeSql] [INFO]- ============dbConnect============
[2019-10-23 13:42:20,351] [debugtalk:59] [debugtalk:executeSql] [INFO]- execute sql file
[2019-10-23 13:42:20,353] [debugtalk:67] [debugtalk:executeSql] [ERROR]- execute sql failed
Traceback (most recent call last):
FileNotFoundError: [Errno 2] No such file or directory: 'upload/RIS_test/基础管理/test.sql'
[2019-10-23 13:42:20,361] [debugtalk:71] [debugtalk:executeSql] [INFO]- db close!
[2019-10-23 13:42:20,724] [debugtalk:53] [debugtalk:executeSql] [INFO]- ============dbConnect============
[2019-10-23 13:42:20,742] [debugtalk:59] [debugtalk:executeSql] [INFO]- execute sql file
[2019-10-23 13:42:20,744] [debugtalk:67] [debugtalk:executeSql] [ERROR]- execute sql failed
Traceback (most recent call last):
FileNotFoundError: [Errno 2] No such file or directory: 'upload/RIS_test/基础管理/test.sql'
[2019-10-23 13:42:20,746] [debugtalk:71] [debugtalk:executeSql] [INFO]- db close!
[2019-10-23 13:42:21,086] [debugtalk:53] [debugtalk:executeSql] [INFO]- ============dbConnect============
[2019-10-23 13:42:21,095] [debugtalk:59] [debugtalk:executeSql] [INFO]- execute sql file
[2019-10-23 13:42:21,096] [debugtalk:67] [debugtalk:executeSql] [ERROR]- execute sql failed
Traceback (most recent call last):
FileNotFoundError: [Errno 2] No such file or directory: 'upload/RIS_test/基础管理/test.sql'
[2019-10-23 13:42:21,102] [debugtalk:71] [debugtalk:executeSql] [INFO]- db close!
[2019-10-23 13:42:21,431] [debugtalk:53] [debugtalk:executeSql] [INFO]- ============dbConnect============
[2019-10-23 13:42:21,443] [debugtalk:59] [debugtalk:executeSql] [INFO]- execute sql file
[2019-10-23 13:42:21,445] [debugtalk:67] [debugtalk:executeSql] [ERROR]- execute sql failed
Traceback (most recent call last):
FileNotFoundError: [Errno 2] No such file or directory: 'upload/RIS_test/基础管理/test.sql'
[2019-10-23 13:42:21,447] [debugtalk:71] [debugtalk:executeSql] [INFO]- db close!
[2019-10-23 13:42:21,770] [debugtalk:53] [debugtalk:executeSql] [INFO]- ============dbConnect============
[2019-10-23 13:42:21,778] [debugtalk:59] [debugtalk:executeSql] [INFO]- execute sql file
[2019-10-23 13:42:21,780] [debugtalk:67] [debugtalk:executeSql] [ERROR]- execute sql failed
Traceback (most recent call last):
FileNotFoundError: [Errno 2] No such file or directory: 'upload/RIS_test/基础管理/test.sql'
[2019-10-23 13:42:21,785] [debugtalk:71] [debugtalk:executeSql] [INFO]- db close!
[2019-10-23 13:42:22,115] [debugtalk:53] [debugtalk:executeSql] [INFO]- ============dbConnect============
[2019-10-23 13:42:22,123] [debugtalk:59] [debugtalk:executeSql] [INFO]- execute sql file
[2019-10-23 13:42:22,125] [debugtalk:67] [debugtalk:executeSql] [ERROR]- execute sql failed
Traceback (most recent call last):
FileNotFoundError: [Errno 2] No such file or directory: 'upload/RIS_test/基础管理/test.sql'
[2019-10-23 13:42:22,127] [debugtalk:71] [debugtalk:executeSql] [INFO]- db close!
[2019-10-23 13:59:46,738] [debugtalk:53] [debugtalk:executeSql] [INFO]- ============dbConnect============
[2019-10-23 13:59:46,747] [debugtalk:59] [debugtalk:executeSql] [INFO]- execute sql file
[2019-10-23 13:59:46,749] [debugtalk:67] [debugtalk:executeSql] [ERROR]- execute sql failed
Traceback (most recent call last):
FileNotFoundError: [Errno 2] No such file or directory: 'upload/RIS_test/基础管理/test.sql'
[2019-10-23 13:59:46,752] [debugtalk:71] [debugtalk:executeSql] [INFO]- db close!
